{"/Users/daniiil/Desktop/pr-1/task/BackupReporter.js": {"path":"/Users/daniiil/Desktop/pr-1/task/BackupReporter.js","statementMap":{"0":{"start":{"line":1,"column":11},"end":{"line":1,"column":33}},"1":{"start":{"line":2,"column":13},"end":{"line":2,"column":28}},"2":{"start":{"line":6,"column":4},"end":{"line":79,"column":5}},"3":{"start":{"line":7,"column":20},"end":{"line":7,"column":51}},"4":{"start":{"line":8,"column":26},"end":{"line":8,"column":77}},"5":{"start":{"line":8,"column":47},"end":{"line":8,"column":76}},"6":{"start":{"line":10,"column":6},"end":{"line":15,"column":7}},"7":{"start":{"line":11,"column":8},"end":{"line":14,"column":10}},"8":{"start":{"line":17,"column":29},"end":{"line":25,"column":8}},"9":{"start":{"line":18,"column":25},"end":{"line":18,"column":55}},"10":{"start":{"line":19,"column":24},"end":{"line":19,"column":59}},"11":{"start":{"line":20,"column":8},"end":{"line":24,"column":10}},"12":{"start":{"line":27,"column":25},"end":{"line":27,"column":58}},"13":{"start":{"line":29,"column":6},"end":{"line":31,"column":9}},"14":{"start":{"line":30,"column":8},"end":{"line":30,"column":52}},"15":{"start":{"line":33,"column":30},"end":{"line":33,"column":48}},"16":{"start":{"line":35,"column":27},"end":{"line":35,"column":60}},"17":{"start":{"line":36,"column":33},"end":{"line":38,"column":36}},"18":{"start":{"line":40,"column":22},"end":{"line":41,"column":89}},"19":{"start":{"line":42,"column":30},"end":{"line":42,"column":47}},"20":{"start":{"line":44,"column":32},"end":{"line":44,"column":34}},"21":{"start":{"line":45,"column":6},"end":{"line":52,"column":9}},"22":{"start":{"line":46,"column":8},"end":{"line":51,"column":11}},"23":{"start":{"line":47,"column":10},"end":{"line":49,"column":11}},"24":{"start":{"line":48,"column":12},"end":{"line":48,"column":46}},"25":{"start":{"line":50,"column":10},"end":{"line":50,"column":42}},"26":{"start":{"line":54,"column":30},"end":{"line":59,"column":44}},"27":{"start":{"line":55,"column":20},"end":{"line":58,"column":9}},"28":{"start":{"line":59,"column":24},"end":{"line":59,"column":43}},"29":{"start":{"line":61,"column":37},"end":{"line":63,"column":11}},"30":{"start":{"line":62,"column":8},"end":{"line":62,"column":40}},"31":{"start":{"line":64,"column":37},"end":{"line":64,"column":77}},"32":{"start":{"line":66,"column":6},"end":{"line":76,"column":8}},"33":{"start":{"line":78,"column":6},"end":{"line":78,"column":76}},"34":{"start":{"line":83,"column":4},"end":{"line":110,"column":5}},"35":{"start":{"line":84,"column":21},"end":{"line":84,"column":61}},"36":{"start":{"line":86,"column":6},"end":{"line":86,"column":51}},"37":{"start":{"line":88,"column":6},"end":{"line":88,"column":72}},"38":{"start":{"line":90,"column":6},"end":{"line":102,"column":7}},"39":{"start":{"line":91,"column":8},"end":{"line":91,"column":46}},"40":{"start":{"line":92,"column":8},"end":{"line":92,"column":68}},"41":{"start":{"line":93,"column":8},"end":{"line":93,"column":82}},"42":{"start":{"line":95,"column":8},"end":{"line":95,"column":82}},"43":{"start":{"line":96,"column":8},"end":{"line":96,"column":71}},"44":{"start":{"line":98,"column":8},"end":{"line":98,"column":93}},"45":{"start":{"line":99,"column":8},"end":{"line":99,"column":92}},"46":{"start":{"line":101,"column":8},"end":{"line":101,"column":36}},"47":{"start":{"line":104,"column":6},"end":{"line":104,"column":50}},"48":{"start":{"line":106,"column":6},"end":{"line":106,"column":20}},"49":{"start":{"line":108,"column":6},"end":{"line":108,"column":64}},"50":{"start":{"line":109,"column":6},"end":{"line":109,"column":18}},"51":{"start":{"line":114,"column":0},"end":{"line":114,"column":32}}},"fnMap":{"0":{"name":"(anonymous_0)","decl":{"start":{"line":5,"column":2},"end":{"line":5,"column":3}},"loc":{"start":{"line":5,"column":38},"end":{"line":80,"column":3}},"line":5},"1":{"name":"(anonymous_1)","decl":{"start":{"line":8,"column":39},"end":{"line":8,"column":40}},"loc":{"start":{"line":8,"column":47},"end":{"line":8,"column":76}},"line":8},"2":{"name":"(anonymous_2)","decl":{"start":{"line":17,"column":45},"end":{"line":17,"column":46}},"loc":{"start":{"line":17,"column":61},"end":{"line":25,"column":7}},"line":17},"3":{"name":"(anonymous_3)","decl":{"start":{"line":29,"column":22},"end":{"line":29,"column":23}},"loc":{"start":{"line":29,"column":32},"end":{"line":31,"column":7}},"line":29},"4":{"name":"(anonymous_4)","decl":{"start":{"line":45,"column":25},"end":{"line":45,"column":26}},"loc":{"start":{"line":45,"column":35},"end":{"line":52,"column":7}},"line":45},"5":{"name":"(anonymous_5)","decl":{"start":{"line":46,"column":28},"end":{"line":46,"column":29}},"loc":{"start":{"line":46,"column":39},"end":{"line":51,"column":9}},"line":46},"6":{"name":"(anonymous_6)","decl":{"start":{"line":55,"column":13},"end":{"line":55,"column":14}},"loc":{"start":{"line":55,"column":20},"end":{"line":58,"column":9}},"line":55},"7":{"name":"(anonymous_7)","decl":{"start":{"line":59,"column":14},"end":{"line":59,"column":15}},"loc":{"start":{"line":59,"column":24},"end":{"line":59,"column":43}},"line":59},"8":{"name":"(anonymous_8)","decl":{"start":{"line":61,"column":55},"end":{"line":61,"column":56}},"loc":{"start":{"line":61,"column":72},"end":{"line":63,"column":7}},"line":61},"9":{"name":"(anonymous_9)","decl":{"start":{"line":82,"column":2},"end":{"line":82,"column":3}},"loc":{"start":{"line":82,"column":35},"end":{"line":111,"column":3}},"line":82}},"branchMap":{"0":{"loc":{"start":{"line":10,"column":6},"end":{"line":15,"column":7}},"type":"if","locations":[{"start":{"line":10,"column":6},"end":{"line":15,"column":7}},{"start":{},"end":{}}],"line":10},"1":{"loc":{"start":{"line":47,"column":10},"end":{"line":49,"column":11}},"type":"if","locations":[{"start":{"line":47,"column":10},"end":{"line":49,"column":11}},{"start":{},"end":{}}],"line":47},"2":{"loc":{"start":{"line":90,"column":6},"end":{"line":102,"column":7}},"type":"if","locations":[{"start":{"line":90,"column":6},"end":{"line":102,"column":7}},{"start":{"line":100,"column":13},"end":{"line":102,"column":7}}],"line":90}},"s":{"0":1,"1":1,"2":1,"3":1,"4":1,"5":2,"6":1,"7":0,"8":1,"9":2,"10":2,"11":2,"12":1,"13":1,"14":1,"15":1,"16":1,"17":1,"18":1,"19":1,"20":1,"21":1,"22":2,"23":3,"24":2,"25":3,"26":1,"27":2,"28":1,"29":1,"30":2,"31":1,"32":1,"33":0,"34":0,"35":0,"36":0,"37":0,"38":0,"39":0,"40":0,"41":0,"42":0,"43":0,"44":0,"45":0,"46":0,"47":0,"48":0,"49":0,"50":0,"51":1},"f":{"0":1,"1":2,"2":2,"3":1,"4":2,"5":3,"6":2,"7":1,"8":2,"9":0},"b":{"0":[0,1],"1":[2,1],"2":[0,0]},"_coverageSchema":"1a1c01bbd47fc00a2c39e90264f33305004495a9","hash":"3ceff7ec173c578018e13c36e97967fb51e366d6"}
,"/Users/daniiil/Desktop/pr-1/task/DataBackup.js": {"path":"/Users/daniiil/Desktop/pr-1/task/DataBackup.js","statementMap":{"0":{"start":{"line":1,"column":25},"end":{"line":1,"column":42}},"1":{"start":{"line":2,"column":13},"end":{"line":2,"column":28}},"2":{"start":{"line":3,"column":20},"end":{"line":3,"column":44}},"3":{"start":{"line":7,"column":4},"end":{"line":7,"column":12}},"4":{"start":{"line":8,"column":4},"end":{"line":8,"column":39}},"5":{"start":{"line":9,"column":4},"end":{"line":9,"column":27}},"6":{"start":{"line":10,"column":4},"end":{"line":10,"column":36}},"7":{"start":{"line":11,"column":4},"end":{"line":11,"column":34}},"8":{"start":{"line":12,"column":4},"end":{"line":12,"column":33}},"9":{"start":{"line":16,"column":4},"end":{"line":73,"column":5}},"10":{"start":{"line":17,"column":6},"end":{"line":17,"column":66}},"11":{"start":{"line":19,"column":6},"end":{"line":65,"column":21}},"12":{"start":{"line":20,"column":8},"end":{"line":37,"column":9}},"13":{"start":{"line":21,"column":10},"end":{"line":21,"column":38}},"14":{"start":{"line":23,"column":10},"end":{"line":30,"column":11}},"15":{"start":{"line":24,"column":12},"end":{"line":27,"column":15}},"16":{"start":{"line":28,"column":12},"end":{"line":28,"column":30}},"17":{"start":{"line":29,"column":12},"end":{"line":29,"column":82}},"18":{"start":{"line":32,"column":10},"end":{"line":35,"column":13}},"19":{"start":{"line":36,"column":10},"end":{"line":36,"column":17}},"20":{"start":{"line":39,"column":8},"end":{"line":39,"column":39}},"21":{"start":{"line":40,"column":8},"end":{"line":40,"column":38}},"22":{"start":{"line":42,"column":8},"end":{"line":64,"column":9}},"23":{"start":{"line":43,"column":23},"end":{"line":43,"column":41}},"24":{"start":{"line":44,"column":28},"end":{"line":44,"column":74}},"25":{"start":{"line":45,"column":33},"end":{"line":48,"column":11}},"26":{"start":{"line":50,"column":10},"end":{"line":50,"column":61}},"27":{"start":{"line":52,"column":10},"end":{"line":56,"column":13}},"28":{"start":{"line":58,"column":10},"end":{"line":61,"column":13}},"29":{"start":{"line":63,"column":10},"end":{"line":63,"column":42}},"30":{"start":{"line":67,"column":6},"end":{"line":67,"column":50}},"31":{"start":{"line":69,"column":6},"end":{"line":71,"column":9}},"32":{"start":{"line":72,"column":6},"end":{"line":72,"column":18}},"33":{"start":{"line":77,"column":4},"end":{"line":81,"column":5}},"34":{"start":{"line":78,"column":6},"end":{"line":78,"column":37}},"35":{"start":{"line":79,"column":6},"end":{"line":79,"column":29}},"36":{"start":{"line":80,"column":6},"end":{"line":80,"column":61}},"37":{"start":{"line":85,"column":4},"end":{"line":85,"column":36}},"38":{"start":{"line":89,"column":0},"end":{"line":89,"column":28}}},"fnMap":{"0":{"name":"(anonymous_0)","decl":{"start":{"line":6,"column":2},"end":{"line":6,"column":3}},"loc":{"start":{"line":6,"column":29},"end":{"line":13,"column":3}},"line":6},"1":{"name":"(anonymous_1)","decl":{"start":{"line":15,"column":2},"end":{"line":15,"column":3}},"loc":{"start":{"line":15,"column":44},"end":{"line":74,"column":3}},"line":15},"2":{"name":"(anonymous_2)","decl":{"start":{"line":19,"column":36},"end":{"line":19,"column":37}},"loc":{"start":{"line":19,"column":48},"end":{"line":65,"column":7}},"line":19},"3":{"name":"(anonymous_3)","decl":{"start":{"line":76,"column":2},"end":{"line":76,"column":3}},"loc":{"start":{"line":76,"column":15},"end":{"line":82,"column":3}},"line":76},"4":{"name":"(anonymous_4)","decl":{"start":{"line":84,"column":2},"end":{"line":84,"column":3}},"loc":{"start":{"line":84,"column":14},"end":{"line":86,"column":3}},"line":84}},"branchMap":{"0":{"loc":{"start":{"line":20,"column":8},"end":{"line":37,"column":9}},"type":"if","locations":[{"start":{"line":20,"column":8},"end":{"line":37,"column":9}},{"start":{},"end":{}}],"line":20},"1":{"loc":{"start":{"line":23,"column":10},"end":{"line":30,"column":11}},"type":"if","locations":[{"start":{"line":23,"column":10},"end":{"line":30,"column":11}},{"start":{},"end":{}}],"line":23},"2":{"loc":{"start":{"line":77,"column":4},"end":{"line":81,"column":5}},"type":"if","locations":[{"start":{"line":77,"column":4},"end":{"line":81,"column":5}},{"start":{},"end":{}}],"line":77}},"s":{"0":1,"1":1,"2":1,"3":1,"4":1,"5":1,"6":1,"7":1,"8":1,"9":0,"10":0,"11":0,"12":0,"13":0,"14":0,"15":0,"16":0,"17":0,"18":0,"19":0,"20":0,"21":0,"22":0,"23":0,"24":0,"25":0,"26":0,"27":0,"28":0,"29":0,"30":0,"31":0,"32":0,"33":0,"34":0,"35":0,"36":0,"37":2,"38":1},"f":{"0":1,"1":0,"2":0,"3":0,"4":2},"b":{"0":[0,0],"1":[0,0],"2":[0,0]},"_coverageSchema":"1a1c01bbd47fc00a2c39e90264f33305004495a9","hash":"c5a35405f3d34691f98a0c6b99abae3fc6e3f280"}
,"/Users/daniiil/Desktop/pr-1/task/FileStorage.js": {"path":"/Users/daniiil/Desktop/pr-1/task/FileStorage.js","statementMap":{"0":{"start":{"line":1,"column":11},"end":{"line":1,"column":33}},"1":{"start":{"line":2,"column":13},"end":{"line":2,"column":28}},"2":{"start":{"line":3,"column":16},"end":{"line":3,"column":36}},"3":{"start":{"line":7,"column":4},"end":{"line":19,"column":5}},"4":{"start":{"line":8,"column":23},"end":{"line":13,"column":9}},"5":{"start":{"line":8,"column":44},"end":{"line":13,"column":7}},"6":{"start":{"line":15,"column":25},"end":{"line":15,"column":58}},"7":{"start":{"line":16,"column":6},"end":{"line":16,"column":55}},"8":{"start":{"line":18,"column":6},"end":{"line":18,"column":80}},"9":{"start":{"line":23,"column":4},"end":{"line":50,"column":5}},"10":{"start":{"line":24,"column":6},"end":{"line":28,"column":7}},"11":{"start":{"line":25,"column":8},"end":{"line":25,"column":34}},"12":{"start":{"line":27,"column":8},"end":{"line":27,"column":55}},"13":{"start":{"line":30,"column":23},"end":{"line":30,"column":58}},"14":{"start":{"line":32,"column":6},"end":{"line":32,"column":63}},"15":{"start":{"line":33,"column":6},"end":{"line":37,"column":16}},"16":{"start":{"line":35,"column":21},"end":{"line":35,"column":48}},"17":{"start":{"line":39,"column":19},"end":{"line":39,"column":41}},"18":{"start":{"line":41,"column":6},"end":{"line":43,"column":7}},"19":{"start":{"line":42,"column":8},"end":{"line":42,"column":66}},"20":{"start":{"line":45,"column":6},"end":{"line":47,"column":8}},"21":{"start":{"line":46,"column":8},"end":{"line":46,"column":105}},"22":{"start":{"line":49,"column":6},"end":{"line":49,"column":82}},"23":{"start":{"line":54,"column":4},"end":{"line":58,"column":5}},"24":{"start":{"line":55,"column":6},"end":{"line":55,"column":51}},"25":{"start":{"line":57,"column":6},"end":{"line":57,"column":70}},"26":{"start":{"line":62,"column":0},"end":{"line":62,"column":29}}},"fnMap":{"0":{"name":"(anonymous_0)","decl":{"start":{"line":6,"column":2},"end":{"line":6,"column":3}},"loc":{"start":{"line":6,"column":42},"end":{"line":20,"column":3}},"line":6},"1":{"name":"(anonymous_1)","decl":{"start":{"line":8,"column":32},"end":{"line":8,"column":33}},"loc":{"start":{"line":8,"column":44},"end":{"line":13,"column":7}},"line":8},"2":{"name":"(anonymous_2)","decl":{"start":{"line":22,"column":2},"end":{"line":22,"column":3}},"loc":{"start":{"line":22,"column":34},"end":{"line":51,"column":3}},"line":22},"3":{"name":"(anonymous_3)","decl":{"start":{"line":35,"column":13},"end":{"line":35,"column":14}},"loc":{"start":{"line":35,"column":21},"end":{"line":35,"column":48}},"line":35},"4":{"name":"(anonymous_4)","decl":{"start":{"line":45,"column":22},"end":{"line":45,"column":23}},"loc":{"start":{"line":46,"column":8},"end":{"line":46,"column":105}},"line":46},"5":{"name":"(anonymous_5)","decl":{"start":{"line":53,"column":2},"end":{"line":53,"column":3}},"loc":{"start":{"line":53,"column":46},"end":{"line":59,"column":3}},"line":53}},"branchMap":{"0":{"loc":{"start":{"line":41,"column":6},"end":{"line":43,"column":7}},"type":"if","locations":[{"start":{"line":41,"column":6},"end":{"line":43,"column":7}},{"start":{},"end":{}}],"line":41},"1":{"loc":{"start":{"line":46,"column":50},"end":{"line":46,"column":104}},"type":"cond-expr","locations":[{"start":{"line":46,"column":77},"end":{"line":46,"column":87}},{"start":{"line":46,"column":90},"end":{"line":46,"column":104}}],"line":46}},"s":{"0":2,"1":2,"2":2,"3":1,"4":1,"5":2,"6":1,"7":1,"8":0,"9":1,"10":1,"11":1,"12":0,"13":1,"14":1,"15":1,"16":14,"17":1,"18":1,"19":0,"20":1,"21":2,"22":0,"23":0,"24":0,"25":0,"26":2},"f":{"0":1,"1":2,"2":1,"3":14,"4":2,"5":0},"b":{"0":[0,1],"1":[2,0]},"_coverageSchema":"1a1c01bbd47fc00a2c39e90264f33305004495a9","hash":"ea56870234775ffe677af31191d1574c0f538f0f"}
,"/Users/daniiil/Desktop/pr-1/task/Logger.js": {"path":"/Users/daniiil/Desktop/pr-1/task/Logger.js","statementMap":{"0":{"start":{"line":1,"column":11},"end":{"line":1,"column":24}},"1":{"start":{"line":4,"column":26},"end":{"line":4,"column":31}},"2":{"start":{"line":5,"column":24},"end":{"line":5,"column":29}},"3":{"start":{"line":8,"column":4},"end":{"line":8,"column":41}},"4":{"start":{"line":9,"column":4},"end":{"line":9,"column":37}},"5":{"start":{"line":13,"column":4},"end":{"line":15,"column":5}},"6":{"start":{"line":14,"column":6},"end":{"line":14,"column":13}},"7":{"start":{"line":17,"column":4},"end":{"line":24,"column":5}},"8":{"start":{"line":18,"column":25},"end":{"line":18,"column":45}},"9":{"start":{"line":19,"column":6},"end":{"line":19,"column":53}},"10":{"start":{"line":20,"column":6},"end":{"line":20,"column":27}},"11":{"start":{"line":21,"column":6},"end":{"line":21,"column":47}},"12":{"start":{"line":22,"column":6},"end":{"line":22,"column":25}},"13":{"start":{"line":23,"column":6},"end":{"line":23,"column":13}},"14":{"start":{"line":26,"column":4},"end":{"line":26,"column":25}},"15":{"start":{"line":30,"column":4},"end":{"line":39,"column":6}},"16":{"start":{"line":38,"column":41},"end":{"line":38,"column":53}},"17":{"start":{"line":43,"column":0},"end":{"line":43,"column":24}}},"fnMap":{"0":{"name":"(anonymous_0)","decl":{"start":{"line":7,"column":2},"end":{"line":7,"column":3}},"loc":{"start":{"line":7,"column":46},"end":{"line":10,"column":3}},"line":7},"1":{"name":"(anonymous_1)","decl":{"start":{"line":12,"column":2},"end":{"line":12,"column":3}},"loc":{"start":{"line":12,"column":15},"end":{"line":27,"column":3}},"line":12},"2":{"name":"(anonymous_2)","decl":{"start":{"line":29,"column":2},"end":{"line":29,"column":3}},"loc":{"start":{"line":29,"column":18},"end":{"line":40,"column":3}},"line":29},"3":{"name":"(anonymous_3)","decl":{"start":{"line":38,"column":36},"end":{"line":38,"column":37}},"loc":{"start":{"line":38,"column":41},"end":{"line":38,"column":53}},"line":38}},"branchMap":{"0":{"loc":{"start":{"line":7,"column":14},"end":{"line":7,"column":29}},"type":"default-arg","locations":[{"start":{"line":7,"column":24},"end":{"line":7,"column":29}}],"line":7},"1":{"loc":{"start":{"line":7,"column":31},"end":{"line":7,"column":44}},"type":"default-arg","locations":[{"start":{"line":7,"column":39},"end":{"line":7,"column":44}}],"line":7},"2":{"loc":{"start":{"line":13,"column":4},"end":{"line":15,"column":5}},"type":"if","locations":[{"start":{"line":13,"column":4},"end":{"line":15,"column":5}},{"start":{},"end":{}}],"line":13},"3":{"loc":{"start":{"line":17,"column":4},"end":{"line":24,"column":5}},"type":"if","locations":[{"start":{"line":17,"column":4},"end":{"line":24,"column":5}},{"start":{},"end":{}}],"line":17},"4":{"loc":{"start":{"line":36,"column":12},"end":{"line":36,"column":44}},"type":"binary-expr","locations":[{"start":{"line":36,"column":12},"end":{"line":36,"column":31}},{"start":{"line":36,"column":35},"end":{"line":36,"column":44}}],"line":36}},"s":{"0":0,"1":0,"2":0,"3":0,"4":0,"5":0,"6":0,"7":0,"8":0,"9":0,"10":0,"11":0,"12":0,"13":0,"14":0,"15":0,"16":0,"17":0},"f":{"0":0,"1":0,"2":0,"3":0},"b":{"0":[0],"1":[0],"2":[0,0],"3":[0,0],"4":[0,0]}}
,"/Users/daniiil/Desktop/pr-1/task/Student.js": {"path":"/Users/daniiil/Desktop/pr-1/task/Student.js","statementMap":{"0":{"start":{"line":3,"column":4},"end":{"line":3,"column":17}},"1":{"start":{"line":4,"column":4},"end":{"line":4,"column":21}},"2":{"start":{"line":5,"column":4},"end":{"line":5,"column":19}},"3":{"start":{"line":6,"column":4},"end":{"line":6,"column":23}},"4":{"start":{"line":7,"column":4},"end":{"line":7,"column":27}},"5":{"start":{"line":11,"column":0},"end":{"line":11,"column":25}}},"fnMap":{"0":{"name":"(anonymous_0)","decl":{"start":{"line":2,"column":2},"end":{"line":2,"column":3}},"loc":{"start":{"line":2,"column":52},"end":{"line":8,"column":3}},"line":2}},"branchMap":{"0":{"loc":{"start":{"line":2,"column":36},"end":{"line":2,"column":50}},"type":"default-arg","locations":[{"start":{"line":2,"column":46},"end":{"line":2,"column":50}}],"line":2}},"s":{"0":4,"1":4,"2":4,"3":4,"4":4,"5":2},"f":{"0":4},"b":{"0":[4]},"_coverageSchema":"1a1c01bbd47fc00a2c39e90264f33305004495a9","hash":"9b4d2e3153f03d543f64ef768ea0370954d45b3a"}
,"/Users/daniiil/Desktop/pr-1/task/StudentManager.js": {"path":"/Users/daniiil/Desktop/pr-1/task/StudentManager.js","statementMap":{"0":{"start":{"line":1,"column":25},"end":{"line":1,"column":42}},"1":{"start":{"line":2,"column":16},"end":{"line":2,"column":36}},"2":{"start":{"line":3,"column":11},"end":{"line":3,"column":26}},"3":{"start":{"line":7,"column":4},"end":{"line":7,"column":12}},"4":{"start":{"line":11,"column":15},"end":{"line":11,"column":36}},"5":{"start":{"line":12,"column":16},"end":{"line":12,"column":101}},"6":{"start":{"line":13,"column":19},"end":{"line":13,"column":41}},"7":{"start":{"line":14,"column":16},"end":{"line":14,"column":43}},"8":{"start":{"line":15,"column":16},"end":{"line":15,"column":27}},"9":{"start":{"line":16,"column":20},"end":{"line":16,"column":73}},"10":{"start":{"line":17,"column":4},"end":{"line":17,"column":40}},"11":{"start":{"line":18,"column":4},"end":{"line":18,"column":19}},"12":{"start":{"line":22,"column":16},"end":{"line":22,"column":74}},"13":{"start":{"line":23,"column":20},"end":{"line":23,"column":36}},"14":{"start":{"line":24,"column":4},"end":{"line":24,"column":54}},"15":{"start":{"line":24,"column":17},"end":{"line":24,"column":54}},"16":{"start":{"line":25,"column":4},"end":{"line":25,"column":19}},"17":{"start":{"line":29,"column":16},"end":{"line":29,"column":84}},"18":{"start":{"line":30,"column":16},"end":{"line":30,"column":35}},"19":{"start":{"line":31,"column":20},"end":{"line":31,"column":86}},"20":{"start":{"line":32,"column":4},"end":{"line":32,"column":61}},"21":{"start":{"line":33,"column":4},"end":{"line":33,"column":19}},"22":{"start":{"line":37,"column":16},"end":{"line":37,"column":98}},"23":{"start":{"line":38,"column":21},"end":{"line":38,"column":85}},"24":{"start":{"line":38,"column":39},"end":{"line":38,"column":84}},"25":{"start":{"line":39,"column":4},"end":{"line":39,"column":80}},"26":{"start":{"line":40,"column":4},"end":{"line":40,"column":20}},"27":{"start":{"line":44,"column":16},"end":{"line":44,"column":68}},"28":{"start":{"line":45,"column":21},"end":{"line":45,"column":85}},"29":{"start":{"line":45,"column":39},"end":{"line":45,"column":84}},"30":{"start":{"line":46,"column":4},"end":{"line":46,"column":68}},"31":{"start":{"line":47,"column":4},"end":{"line":47,"column":20}},"32":{"start":{"line":51,"column":16},"end":{"line":51,"column":74}},"33":{"start":{"line":52,"column":16},"end":{"line":52,"column":52}},"34":{"start":{"line":53,"column":4},"end":{"line":53,"column":58}},"35":{"start":{"line":54,"column":4},"end":{"line":54,"column":15}},"36":{"start":{"line":58,"column":19},"end":{"line":58,"column":42}},"37":{"start":{"line":59,"column":4},"end":{"line":76,"column":5}},"38":{"start":{"line":60,"column":6},"end":{"line":60,"column":34}},"39":{"start":{"line":61,"column":6},"end":{"line":61,"column":49}},"40":{"start":{"line":62,"column":6},"end":{"line":67,"column":7}},"41":{"start":{"line":63,"column":8},"end":{"line":66,"column":10}},"42":{"start":{"line":68,"column":6},"end":{"line":68,"column":35}},"43":{"start":{"line":69,"column":18},"end":{"line":69,"column":45}},"44":{"start":{"line":70,"column":6},"end":{"line":70,"column":17}},"45":{"start":{"line":72,"column":6},"end":{"line":72,"column":37}},"46":{"start":{"line":73,"column":6},"end":{"line":73,"column":16}},"47":{"start":{"line":75,"column":6},"end":{"line":75,"column":23}},"48":{"start":{"line":80,"column":0},"end":{"line":80,"column":32}}},"fnMap":{"0":{"name":"(anonymous_0)","decl":{"start":{"line":6,"column":2},"end":{"line":6,"column":3}},"loc":{"start":{"line":6,"column":16},"end":{"line":8,"column":3}},"line":6},"1":{"name":"(anonymous_1)","decl":{"start":{"line":10,"column":2},"end":{"line":10,"column":3}},"loc":{"start":{"line":10,"column":37},"end":{"line":19,"column":3}},"line":10},"2":{"name":"(anonymous_2)","decl":{"start":{"line":21,"column":2},"end":{"line":21,"column":3}},"loc":{"start":{"line":21,"column":26},"end":{"line":26,"column":3}},"line":21},"3":{"name":"(anonymous_3)","decl":{"start":{"line":28,"column":2},"end":{"line":28,"column":3}},"loc":{"start":{"line":28,"column":27},"end":{"line":34,"column":3}},"line":28},"4":{"name":"(anonymous_4)","decl":{"start":{"line":36,"column":2},"end":{"line":36,"column":3}},"loc":{"start":{"line":36,"column":34},"end":{"line":41,"column":3}},"line":36},"5":{"name":"(anonymous_5)","decl":{"start":{"line":38,"column":34},"end":{"line":38,"column":35}},"loc":{"start":{"line":38,"column":39},"end":{"line":38,"column":84}},"line":38},"6":{"name":"(anonymous_6)","decl":{"start":{"line":43,"column":2},"end":{"line":43,"column":3}},"loc":{"start":{"line":43,"column":25},"end":{"line":48,"column":3}},"line":43},"7":{"name":"(anonymous_7)","decl":{"start":{"line":45,"column":34},"end":{"line":45,"column":35}},"loc":{"start":{"line":45,"column":39},"end":{"line":45,"column":84}},"line":45},"8":{"name":"(anonymous_8)","decl":{"start":{"line":50,"column":2},"end":{"line":50,"column":3}},"loc":{"start":{"line":50,"column":30},"end":{"line":55,"column":3}},"line":50},"9":{"name":"(anonymous_9)","decl":{"start":{"line":57,"column":2},"end":{"line":57,"column":3}},"loc":{"start":{"line":57,"column":37},"end":{"line":77,"column":3}},"line":57}},"branchMap":{"0":{"loc":{"start":{"line":24,"column":4},"end":{"line":24,"column":54}},"type":"if","locations":[{"start":{"line":24,"column":4},"end":{"line":24,"column":54}},{"start":{},"end":{}}],"line":24},"1":{"loc":{"start":{"line":30,"column":16},"end":{"line":30,"column":35}},"type":"binary-expr","locations":[{"start":{"line":30,"column":16},"end":{"line":30,"column":27}},{"start":{"line":30,"column":31},"end":{"line":30,"column":35}}],"line":30},"2":{"loc":{"start":{"line":31,"column":20},"end":{"line":31,"column":86}},"type":"cond-expr","locations":[{"start":{"line":31,"column":26},"end":{"line":31,"column":79}},{"start":{"line":31,"column":82},"end":{"line":31,"column":86}}],"line":31},"3":{"loc":{"start":{"line":52,"column":16},"end":{"line":52,"column":52}},"type":"binary-expr","locations":[{"start":{"line":52,"column":16},"end":{"line":52,"column":47}},{"start":{"line":52,"column":51},"end":{"line":52,"column":52}}],"line":52}},"s":{"0":1,"1":1,"2":1,"3":1,"4":0,"5":0,"6":0,"7":0,"8":0,"9":0,"10":0,"11":0,"12":0,"13":0,"14":0,"15":0,"16":0,"17":0,"18":0,"19":0,"20":0,"21":0,"22":0,"23":0,"24":0,"25":0,"26":0,"27":0,"28":0,"29":0,"30":0,"31":0,"32":0,"33":0,"34":0,"35":0,"36":0,"37":0,"38":0,"39":0,"40":0,"41":0,"42":0,"43":0,"44":0,"45":0,"46":0,"47":0,"48":1},"f":{"0":1,"1":0,"2":0,"3":0,"4":0,"5":0,"6":0,"7":0,"8":0,"9":0},"b":{"0":[0,0],"1":[0,0],"2":[0,0],"3":[0,0]},"_coverageSchema":"1a1c01bbd47fc00a2c39e90264f33305004495a9","hash":"e357865aa10e55c3379b33b31859f51a7f6ae2d4"}
,"/Users/daniiil/Desktop/pr-1/task/auth.js": {"path":"/Users/daniiil/Desktop/pr-1/task/auth.js","statementMap":{"0":{"start":{"line":1,"column":15},"end":{"line":1,"column":32}},"1":{"start":{"line":2,"column":12},"end":{"line":2,"column":35}},"2":{"start":{"line":4,"column":19},"end":{"line":4,"column":65}},"3":{"start":{"line":5,"column":23},"end":{"line":5,"column":27}},"4":{"start":{"line":6,"column":20},"end":{"line":6,"column":22}},"5":{"start":{"line":9,"column":2},"end":{"line":9,"column":44}},"6":{"start":{"line":13,"column":2},"end":{"line":13,"column":40}},"7":{"start":{"line":17,"column":2},"end":{"line":17,"column":70}},"8":{"start":{"line":21,"column":21},"end":{"line":21,"column":46}},"9":{"start":{"line":22,"column":2},"end":{"line":24,"column":3}},"10":{"start":{"line":23,"column":4},"end":{"line":23,"column":85}},"11":{"start":{"line":25,"column":16},"end":{"line":25,"column":40}},"12":{"start":{"line":26,"column":2},"end":{"line":32,"column":3}},"13":{"start":{"line":27,"column":20},"end":{"line":27,"column":49}},"14":{"start":{"line":28,"column":4},"end":{"line":28,"column":23}},"15":{"start":{"line":29,"column":4},"end":{"line":29,"column":11}},"16":{"start":{"line":31,"column":4},"end":{"line":31,"column":76}},"17":{"start":{"line":36,"column":2},"end":{"line":44,"column":4}},"18":{"start":{"line":37,"column":4},"end":{"line":39,"column":5}},"19":{"start":{"line":38,"column":6},"end":{"line":38,"column":74}},"20":{"start":{"line":40,"column":4},"end":{"line":42,"column":5}},"21":{"start":{"line":41,"column":6},"end":{"line":41,"column":89}},"22":{"start":{"line":43,"column":4},"end":{"line":43,"column":11}},"23":{"start":{"line":47,"column":0},"end":{"line":53,"column":2}}},"fnMap":{"0":{"name":"hashPassword","decl":{"start":{"line":8,"column":15},"end":{"line":8,"column":27}},"loc":{"start":{"line":8,"column":38},"end":{"line":10,"column":1}},"line":8},"1":{"name":"comparePassword","decl":{"start":{"line":12,"column":15},"end":{"line":12,"column":30}},"loc":{"start":{"line":12,"column":47},"end":{"line":14,"column":1}},"line":12},"2":{"name":"generateToken","decl":{"start":{"line":16,"column":9},"end":{"line":16,"column":22}},"loc":{"start":{"line":16,"column":32},"end":{"line":18,"column":1}},"line":16},"3":{"name":"authenticateJWT","decl":{"start":{"line":20,"column":9},"end":{"line":20,"column":24}},"loc":{"start":{"line":20,"column":41},"end":{"line":33,"column":1}},"line":20},"4":{"name":"authorizeRoles","decl":{"start":{"line":35,"column":9},"end":{"line":35,"column":23}},"loc":{"start":{"line":35,"column":41},"end":{"line":45,"column":1}},"line":35},"5":{"name":"(anonymous_5)","decl":{"start":{"line":36,"column":9},"end":{"line":36,"column":10}},"loc":{"start":{"line":36,"column":29},"end":{"line":44,"column":3}},"line":36}},"branchMap":{"0":{"loc":{"start":{"line":4,"column":19},"end":{"line":4,"column":65}},"type":"binary-expr","locations":[{"start":{"line":4,"column":19},"end":{"line":4,"column":41}},{"start":{"line":4,"column":45},"end":{"line":4,"column":65}}],"line":4},"1":{"loc":{"start":{"line":22,"column":2},"end":{"line":24,"column":3}},"type":"if","locations":[{"start":{"line":22,"column":2},"end":{"line":24,"column":3}},{"start":{},"end":{}}],"line":22},"2":{"loc":{"start":{"line":22,"column":6},"end":{"line":22,"column":54}},"type":"binary-expr","locations":[{"start":{"line":22,"column":6},"end":{"line":22,"column":17}},{"start":{"line":22,"column":21},"end":{"line":22,"column":54}}],"line":22},"3":{"loc":{"start":{"line":37,"column":4},"end":{"line":39,"column":5}},"type":"if","locations":[{"start":{"line":37,"column":4},"end":{"line":39,"column":5}},{"start":{},"end":{}}],"line":37},"4":{"loc":{"start":{"line":37,"column":8},"end":{"line":37,"column":35}},"type":"binary-expr","locations":[{"start":{"line":37,"column":8},"end":{"line":37,"column":17}},{"start":{"line":37,"column":21},"end":{"line":37,"column":35}}],"line":37},"5":{"loc":{"start":{"line":40,"column":4},"end":{"line":42,"column":5}},"type":"if","locations":[{"start":{"line":40,"column":4},"end":{"line":42,"column":5}},{"start":{},"end":{}}],"line":40}},"s":{"0":1,"1":1,"2":1,"3":1,"4":1,"5":0,"6":0,"7":2,"8":5,"9":5,"10":2,"11":3,"12":3,"13":3,"14":3,"15":3,"16":0,"17":2,"18":2,"19":0,"20":2,"21":1,"22":1,"23":1},"f":{"0":0,"1":0,"2":2,"3":5,"4":2,"5":2},"b":{"0":[1,1],"1":[2,3],"2":[5,3],"3":[0,2],"4":[2,2],"5":[1,1]},"_coverageSchema":"1a1c01bbd47fc00a2c39e90264f33305004495a9","hash":"b62a56b78b71af3942ca1d495416b05191310ece"}
,"/Users/daniiil/Desktop/pr-1/task/index.js": {"path":"/Users/daniiil/Desktop/pr-1/task/index.js","statementMap":{"0":{"start":{"line":1,"column":23},"end":{"line":1,"column":50}},"1":{"start":{"line":2,"column":28},"end":{"line":2,"column":54}},"2":{"start":{"line":3,"column":20},"end":{"line":3,"column":44}},"3":{"start":{"line":4,"column":19},"end":{"line":4,"column":42}},"4":{"start":{"line":5,"column":23},"end":{"line":5,"column":50}},"5":{"start":{"line":6,"column":13},"end":{"line":6,"column":28}},"6":{"start":{"line":8,"column":16},"end":{"line":8,"column":50}},"7":{"start":{"line":9,"column":14},"end":{"line":9,"column":46}},"8":{"start":{"line":11,"column":15},"end":{"line":11,"column":50}},"9":{"start":{"line":12,"column":23},"end":{"line":12,"column":43}},"10":{"start":{"line":13,"column":22},"end":{"line":13,"column":53}},"11":{"start":{"line":14,"column":19},"end":{"line":14,"column":48}},"12":{"start":{"line":15,"column":23},"end":{"line":15,"column":43}},"13":{"start":{"line":17,"column":0},"end":{"line":19,"column":3}},"14":{"start":{"line":18,"column":2},"end":{"line":18,"column":76}},"15":{"start":{"line":21,"column":0},"end":{"line":23,"column":3}},"16":{"start":{"line":22,"column":2},"end":{"line":22,"column":57}},"17":{"start":{"line":25,"column":0},"end":{"line":27,"column":3}},"18":{"start":{"line":26,"column":2},"end":{"line":26,"column":81}},"19":{"start":{"line":29,"column":0},"end":{"line":31,"column":3}},"20":{"start":{"line":30,"column":2},"end":{"line":30,"column":97}},"21":{"start":{"line":33,"column":0},"end":{"line":35,"column":3}},"22":{"start":{"line":34,"column":2},"end":{"line":34,"column":70}},"23":{"start":{"line":37,"column":0},"end":{"line":39,"column":3}},"24":{"start":{"line":38,"column":2},"end":{"line":38,"column":97}},"25":{"start":{"line":38,"column":8},"end":{"line":38,"column":82}},"26":{"start":{"line":41,"column":0},"end":{"line":43,"column":3}},"27":{"start":{"line":42,"column":2},"end":{"line":42,"column":65}},"28":{"start":{"line":45,"column":0},"end":{"line":47,"column":3}},"29":{"start":{"line":46,"column":2},"end":{"line":46,"column":146}},"30":{"start":{"line":49,"column":0},"end":{"line":51,"column":3}},"31":{"start":{"line":50,"column":2},"end":{"line":50,"column":81}},"32":{"start":{"line":53,"column":0},"end":{"line":55,"column":3}},"33":{"start":{"line":54,"column":2},"end":{"line":54,"column":72}},"34":{"start":{"line":57,"column":0},"end":{"line":59,"column":3}},"35":{"start":{"line":58,"column":2},"end":{"line":58,"column":48}},"36":{"start":{"line":62,"column":2},"end":{"line":122,"column":3}},"37":{"start":{"line":63,"column":4},"end":{"line":63,"column":76}},"38":{"start":{"line":65,"column":4},"end":{"line":65,"column":36}},"39":{"start":{"line":66,"column":4},"end":{"line":66,"column":54}},"40":{"start":{"line":68,"column":4},"end":{"line":68,"column":73}},"41":{"start":{"line":69,"column":23},"end":{"line":69,"column":80}},"42":{"start":{"line":70,"column":4},"end":{"line":70,"column":45}},"43":{"start":{"line":72,"column":4},"end":{"line":72,"column":47}},"44":{"start":{"line":73,"column":4},"end":{"line":73,"column":57}},"45":{"start":{"line":75,"column":4},"end":{"line":75,"column":53}},"46":{"start":{"line":76,"column":4},"end":{"line":76,"column":59}},"47":{"start":{"line":78,"column":4},"end":{"line":78,"column":49}},"48":{"start":{"line":79,"column":4},"end":{"line":79,"column":72}},"49":{"start":{"line":81,"column":25},"end":{"line":81,"column":62}},"50":{"start":{"line":82,"column":4},"end":{"line":82,"column":55}},"51":{"start":{"line":83,"column":4},"end":{"line":83,"column":86}},"52":{"start":{"line":84,"column":4},"end":{"line":84,"column":46}},"53":{"start":{"line":86,"column":4},"end":{"line":86,"column":52}},"54":{"start":{"line":87,"column":4},"end":{"line":93,"column":5}},"55":{"start":{"line":88,"column":29},"end":{"line":88,"column":69}},"56":{"start":{"line":89,"column":6},"end":{"line":89,"column":37}},"57":{"start":{"line":90,"column":6},"end":{"line":90,"column":33}},"58":{"start":{"line":92,"column":6},"end":{"line":92,"column":59}},"59":{"start":{"line":95,"column":4},"end":{"line":95,"column":49}},"60":{"start":{"line":96,"column":20},"end":{"line":96,"column":59}},"61":{"start":{"line":97,"column":4},"end":{"line":97,"column":46}},"62":{"start":{"line":98,"column":4},"end":{"line":98,"column":38}},"63":{"start":{"line":99,"column":4},"end":{"line":99,"column":54}},"64":{"start":{"line":101,"column":4},"end":{"line":101,"column":58}},"65":{"start":{"line":102,"column":4},"end":{"line":105,"column":6}},"66":{"start":{"line":103,"column":12},"end":{"line":103,"column":43}},"67":{"start":{"line":107,"column":4},"end":{"line":107,"column":53}},"68":{"start":{"line":108,"column":4},"end":{"line":108,"column":61}},"69":{"start":{"line":108,"column":33},"end":{"line":108,"column":59}},"70":{"start":{"line":110,"column":4},"end":{"line":110,"column":39}},"71":{"start":{"line":111,"column":4},"end":{"line":111,"column":28}},"72":{"start":{"line":113,"column":4},"end":{"line":113,"column":53}},"73":{"start":{"line":114,"column":4},"end":{"line":114,"column":52}},"74":{"start":{"line":117,"column":4},"end":{"line":117,"column":46}},"75":{"start":{"line":118,"column":4},"end":{"line":120,"column":5}},"76":{"start":{"line":119,"column":6},"end":{"line":119,"column":30}},"77":{"start":{"line":121,"column":4},"end":{"line":121,"column":20}},"78":{"start":{"line":125,"column":0},"end":{"line":131,"column":3}},"79":{"start":{"line":126,"column":2},"end":{"line":126,"column":40}},"80":{"start":{"line":127,"column":2},"end":{"line":129,"column":3}},"81":{"start":{"line":128,"column":4},"end":{"line":128,"column":28}},"82":{"start":{"line":130,"column":2},"end":{"line":130,"column":18}}},"fnMap":{"0":{"name":"(anonymous_0)","decl":{"start":{"line":17,"column":35},"end":{"line":17,"column":36}},"loc":{"start":{"line":17,"column":48},"end":{"line":19,"column":1}},"line":17},"1":{"name":"(anonymous_1)","decl":{"start":{"line":21,"column":37},"end":{"line":21,"column":38}},"loc":{"start":{"line":21,"column":47},"end":{"line":23,"column":1}},"line":21},"2":{"name":"(anonymous_2)","decl":{"start":{"line":25,"column":39},"end":{"line":25,"column":40}},"loc":{"start":{"line":25,"column":49},"end":{"line":27,"column":1}},"line":25},"3":{"name":"(anonymous_3)","decl":{"start":{"line":29,"column":49},"end":{"line":29,"column":50}},"loc":{"start":{"line":29,"column":59},"end":{"line":31,"column":1}},"line":29},"4":{"name":"(anonymous_4)","decl":{"start":{"line":33,"column":44},"end":{"line":33,"column":45}},"loc":{"start":{"line":33,"column":54},"end":{"line":35,"column":1}},"line":33},"5":{"name":"(anonymous_5)","decl":{"start":{"line":37,"column":44},"end":{"line":37,"column":45}},"loc":{"start":{"line":37,"column":54},"end":{"line":39,"column":1}},"line":37},"6":{"name":"(anonymous_6)","decl":{"start":{"line":41,"column":32},"end":{"line":41,"column":33}},"loc":{"start":{"line":41,"column":42},"end":{"line":43,"column":1}},"line":41},"7":{"name":"(anonymous_7)","decl":{"start":{"line":45,"column":34},"end":{"line":45,"column":35}},"loc":{"start":{"line":45,"column":44},"end":{"line":47,"column":1}},"line":45},"8":{"name":"(anonymous_8)","decl":{"start":{"line":49,"column":32},"end":{"line":49,"column":33}},"loc":{"start":{"line":49,"column":42},"end":{"line":51,"column":1}},"line":49},"9":{"name":"(anonymous_9)","decl":{"start":{"line":53,"column":32},"end":{"line":53,"column":33}},"loc":{"start":{"line":53,"column":42},"end":{"line":55,"column":1}},"line":53},"10":{"name":"(anonymous_10)","decl":{"start":{"line":57,"column":30},"end":{"line":57,"column":31}},"loc":{"start":{"line":57,"column":40},"end":{"line":59,"column":1}},"line":57},"11":{"name":"main","decl":{"start":{"line":61,"column":15},"end":{"line":61,"column":19}},"loc":{"start":{"line":61,"column":22},"end":{"line":123,"column":1}},"line":61},"12":{"name":"(anonymous_12)","decl":{"start":{"line":103,"column":6},"end":{"line":103,"column":7}},"loc":{"start":{"line":103,"column":12},"end":{"line":103,"column":43}},"line":103},"13":{"name":"(anonymous_13)","decl":{"start":{"line":108,"column":22},"end":{"line":108,"column":23}},"loc":{"start":{"line":108,"column":33},"end":{"line":108,"column":59}},"line":108},"14":{"name":"(anonymous_14)","decl":{"start":{"line":125,"column":13},"end":{"line":125,"column":14}},"loc":{"start":{"line":125,"column":22},"end":{"line":131,"column":1}},"line":125}},"branchMap":{"0":{"loc":{"start":{"line":118,"column":4},"end":{"line":120,"column":5}},"type":"if","locations":[{"start":{"line":118,"column":4},"end":{"line":120,"column":5}},{"start":{},"end":{}}],"line":118},"1":{"loc":{"start":{"line":127,"column":2},"end":{"line":129,"column":3}},"type":"if","locations":[{"start":{"line":127,"column":2},"end":{"line":129,"column":3}},{"start":{},"end":{}}],"line":127}},"s":{"0":0,"1":0,"2":0,"3":0,"4":0,"5":0,"6":0,"7":0,"8":0,"9":0,"10":0,"11":0,"12":0,"13":0,"14":0,"15":0,"16":0,"17":0,"18":0,"19":0,"20":0,"21":0,"22":0,"23":0,"24":0,"25":0,"26":0,"27":0,"28":0,"29":0,"30":0,"31":0,"32":0,"33":0,"34":0,"35":0,"36":0,"37":0,"38":0,"39":0,"40":0,"41":0,"42":0,"43":0,"44":0,"45":0,"46":0,"47":0,"48":0,"49":0,"50":0,"51":0,"52":0,"53":0,"54":0,"55":0,"56":0,"57":0,"58":0,"59":0,"60":0,"61":0,"62":0,"63":0,"64":0,"65":0,"66":0,"67":0,"68":0,"69":0,"70":0,"71":0,"72":0,"73":0,"74":0,"75":0,"76":0,"77":0,"78":0,"79":0,"80":0,"81":0,"82":0},"f":{"0":0,"1":0,"2":0,"3":0,"4":0,"5":0,"6":0,"7":0,"8":0,"9":0,"10":0,"11":0,"12":0,"13":0,"14":0},"b":{"0":[0,0],"1":[0,0]}}
}
